[IMPORT STARTED]
Reading content disk...SUCCESS
Calculating used sample space...0.0/24.0 MB
  importing microbrute-kicks.aif...SUCCESS. New used space 899 kB
Syncronizing rejected
Syncronizing config
Syncronizing projects
Syncronizing bounces
Rebuilding plug definitions...SUCCESS
[IMPORT COMPLETE]

[IMPORT STARTED]
Reading content disk...SUCCESS
  clearing kick/10/
Calculating used sample space...0.0/24.0 MB
  importing lancet-kicks.aif...SUCCESS. New used space 778 kB
  importing microbrute-kicks.aif...SUCCESS. New used space 1678 kB
  importing lancet-snares.aif...SUCCESS. New used space 2523 kB
  importing microbrute-snares.aif...SUCCESS. New used space 2776 kB
Syncronizing rejected
Syncronizing config
Syncronizing projects
Syncronizing bounces
Rebuilding plug definitions...SUCCESS
[IMPORT COMPLETE]

[IMPORT STARTED]
Reading content disk...SUCCESS
Calculating used sample space...2.7/24.0 MB
  importing field-kicks.aif...SUCCESS. New used space 3157 kB
  importing field-snares.aif...SUCCESS. New used space 3833 kB
  importing field-hats.aif...SUCCESS. New used space 4509 kB
Syncronizing rejected
Syncronizing config
Syncronizing projects
Syncronizing bounces
Rebuilding plug definitions...SUCCESS
[IMPORT COMPLETE]

[IMPORT STARTED]
Reading content disk...SUCCESS
Calculating used sample space...4.4/24.0 MB
  importing x0x-kicks.aif...SUCCESS. New used space 5086 kB
  importing x0x-snares.aif...SUCCESS. New used space 5620 kB
  importing x0x-perc.aif...SUCCESS. New used space 6558 kB
Syncronizing rejected
Syncronizing config
Syncronizing projects
Syncronizing bounces
Rebuilding plug definitions...SUCCESS
[IMPORT COMPLETE]

[IMPORT STARTED]
Reading content disk...SUCCESS
Calculating used sample space...3.0/24.0 MB
Syncronizing rejected
Syncronizing config
Syncronizing projects
Syncronizing bounces
Rebuilding plug definitions...SUCCESS
[IMPORT COMPLETE]

